[2016-06-11 23:53:47.779]- [cid sonal-2.local] [#ip ,,#] -[restartedMain] INFO  com.logback.config.application.DockerLogbackApp  - Starting DockerLogbackApp on sonal-2.local with PID 2670 (/Users/sonal/sonal/gitlocalrepository/java/DockerLogbackApp/target/classes started by sonal in /Users/sonal/sonal/gitlocalrepository/java/DockerLogbackApp)
[2016-06-11 23:53:47.782]- [cid sonal-2.local] [#ip ,,#] -[restartedMain] INFO  com.logback.config.application.DockerLogbackApp  - No active profile set, falling back to default profiles: default
[2016-06-11 23:53:47.900]- [cid sonal-2.local] [#ip ,,#] -[restartedMain] INFO  org.springframework.boot.context.embedded.AnnotationConfigEmbeddedWebApplicationContext  - Refreshing org.springframework.boot.context.embedded.AnnotationConfigEmbeddedWebApplicationContext@2b5d9b6a: startup date [Sat Jun 11 23:53:47 PDT 2016]; root of context hierarchy
[2016-06-11 23:53:48.322]- [cid sonal-2.local] [#ip ,,#] -[background-preinit] INFO  org.hibernate.validator.internal.util.Version  - HV000001: Hibernate Validator 5.2.4.Final
[2016-06-11 23:53:49.197]- [cid sonal-2.local] [#ip ,,#] -[restartedMain] INFO  com.logback.config.mdc.MDCAwareAsyncAnnotationBeanPostProcessor  - No TaskExecutor bean found for async annotation processing.
[2016-06-11 23:53:49.237]- [cid sonal-2.local] [#ip ,,#] -[restartedMain] INFO  org.springframework.scheduling.annotation.AsyncAnnotationBeanPostProcessor  - No TaskExecutor bean found for async annotation processing.
[2016-06-11 23:53:49.708]- [cid sonal-2.local] [#ip ,,#] -[restartedMain] INFO  org.springframework.boot.context.embedded.tomcat.TomcatEmbeddedServletContainer  - Tomcat initialized with port(s): 8081 (http)
[2016-06-11 23:53:49.722]- [cid sonal-2.local] [#ip ,,#] -[restartedMain] INFO  org.apache.catalina.core.StandardService  - Starting service Tomcat
[2016-06-11 23:53:49.724]- [cid sonal-2.local] [#ip ,,#] -[restartedMain] INFO  org.apache.catalina.core.StandardEngine  - Starting Servlet Engine: Apache Tomcat/8.0.32
[2016-06-11 23:53:49.832]- [cid sonal-2.local] [#ip ,,#] -[localhost-startStop-1] INFO  org.apache.catalina.core.ContainerBase.[Tomcat].[localhost].[/]  - Initializing Spring embedded WebApplicationContext
[2016-06-11 23:53:49.832]- [cid sonal-2.local] [#ip ,,#] -[localhost-startStop-1] INFO  org.springframework.web.context.ContextLoader  - Root WebApplicationContext: initialization completed in 1933 ms
[2016-06-11 23:53:49.957]- [cid sonal-2.local] [#ip ,,#] -[localhost-startStop-1] INFO  org.springframework.boot.context.embedded.ServletRegistrationBean  - Mapping servlet: 'dispatcherServlet' to [/]
[2016-06-11 23:53:49.961]- [cid sonal-2.local] [#ip ,,#] -[localhost-startStop-1] INFO  org.springframework.boot.context.embedded.FilterRegistrationBean  - Mapping filter: 'characterEncodingFilter' to: [/*]
[2016-06-11 23:53:50.115]- [cid sonal-2.local] [#ip ,,#] -[restartedMain] INFO  org.springframework.scheduling.concurrent.ThreadPoolTaskExecutor  - Initializing ExecutorService  'threadPoolTaskExecutor'
[2016-06-11 23:53:50.321]- [cid sonal-2.local] [#ip ,,#] -[restartedMain] INFO  org.springframework.web.servlet.mvc.method.annotation.RequestMappingHandlerMapping  - Mapped "{[/runFeed]}" onto public org.springframework.web.context.request.async.DeferredResult<org.springframework.http.ResponseEntity<java.lang.String>> com.logback.rest.controller.FeedController.runFeed()
[2016-06-11 23:53:50.322]- [cid sonal-2.local] [#ip ,,#] -[restartedMain] INFO  org.springframework.web.servlet.mvc.method.annotation.RequestMappingHandlerMapping  - Mapped "{[/runFeedv2]}" onto public org.springframework.web.context.request.async.DeferredResult<org.springframework.http.ResponseEntity<java.lang.String>> com.logback.rest.controller.FeedController.runFeedv2()
[2016-06-11 23:53:50.323]- [cid sonal-2.local] [#ip ,,#] -[restartedMain] INFO  org.springframework.web.servlet.mvc.method.annotation.RequestMappingHandlerMapping  - Mapped "{[/healthCheck]}" onto public org.springframework.web.context.request.async.DeferredResult<org.springframework.http.ResponseEntity<java.lang.String>> com.logback.rest.controller.HealthController.healthCheck()
[2016-06-11 23:53:50.324]- [cid sonal-2.local] [#ip ,,#] -[restartedMain] INFO  org.springframework.web.servlet.mvc.method.annotation.RequestMappingHandlerMapping  - Mapped "{[/healthCheckNotification]}" onto public org.springframework.web.context.request.async.DeferredResult<org.springframework.http.ResponseEntity<java.lang.String>> com.logback.rest.controller.NotificationController.healthCheck()
[2016-06-11 23:53:50.325]- [cid sonal-2.local] [#ip ,,#] -[restartedMain] INFO  org.springframework.web.servlet.mvc.method.annotation.RequestMappingHandlerMapping  - Mapped "{[/payment]}" onto public org.springframework.web.context.request.async.DeferredResult<org.springframework.http.ResponseEntity<java.lang.String>> com.logback.rest.controller.PaymentController.healthCheck()
[2016-06-11 23:53:50.330]- [cid sonal-2.local] [#ip ,,#] -[restartedMain] INFO  org.springframework.web.servlet.mvc.method.annotation.RequestMappingHandlerMapping  - Mapped "{[/error]}" onto public org.springframework.http.ResponseEntity<java.util.Map<java.lang.String, java.lang.Object>> org.springframework.boot.autoconfigure.web.BasicErrorController.error(javax.servlet.http.HttpServletRequest)
[2016-06-11 23:53:50.330]- [cid sonal-2.local] [#ip ,,#] -[restartedMain] INFO  org.springframework.web.servlet.mvc.method.annotation.RequestMappingHandlerMapping  - Mapped "{[/error],produces=[text/html]}" onto public org.springframework.web.servlet.ModelAndView org.springframework.boot.autoconfigure.web.BasicErrorController.errorHtml(javax.servlet.http.HttpServletRequest,javax.servlet.http.HttpServletResponse)
[2016-06-11 23:53:50.407]- [cid sonal-2.local] [#ip ,,#] -[restartedMain] INFO  org.springframework.web.servlet.mvc.method.annotation.RequestMappingHandlerAdapter  - Looking for @ControllerAdvice: org.springframework.boot.context.embedded.AnnotationConfigEmbeddedWebApplicationContext@2b5d9b6a: startup date [Sat Jun 11 23:53:47 PDT 2016]; root of context hierarchy
[2016-06-11 23:53:50.721]- [cid sonal-2.local] [#ip ,,#] -[restartedMain] INFO  org.springframework.boot.devtools.autoconfigure.OptionalLiveReloadServer  - LiveReload server is running on port 35729
[2016-06-11 23:53:50.763]- [cid sonal-2.local] [#ip ,,#] -[restartedMain] INFO  org.springframework.jmx.export.annotation.AnnotationMBeanExporter  - Registering beans for JMX exposure on startup
[2016-06-11 23:53:50.809]- [cid sonal-2.local] [#ip ,,#] -[restartedMain] INFO  org.apache.coyote.http11.Http11NioProtocol  - Initializing ProtocolHandler ["http-nio-8081"]
[2016-06-11 23:53:50.853]- [cid sonal-2.local] [#ip ,,#] -[restartedMain] INFO  org.apache.coyote.http11.Http11NioProtocol  - Starting ProtocolHandler ["http-nio-8081"]
[2016-06-11 23:53:50.891]- [cid sonal-2.local] [#ip ,,#] -[restartedMain] INFO  org.apache.tomcat.util.net.NioSelectorPool  - Using a shared selector for servlet write/read
[2016-06-11 23:53:50.912]- [cid sonal-2.local] [#ip ,,#] -[restartedMain] INFO  org.springframework.boot.context.embedded.tomcat.TomcatEmbeddedServletContainer  - Tomcat started on port(s): 8081 (http)
[2016-06-11 23:53:50.918]- [cid sonal-2.local] [#ip ,,#] -[restartedMain] INFO  com.logback.config.application.DockerLogbackApp  - Started DockerLogbackApp in 3.439 seconds (JVM running for 4.031)
[2016-06-11 23:54:02.957]- [cid sonal-2.local] [#ip ,,#] -[Thread-8] INFO  org.springframework.boot.context.embedded.AnnotationConfigEmbeddedWebApplicationContext  - Closing org.springframework.boot.context.embedded.AnnotationConfigEmbeddedWebApplicationContext@2b5d9b6a: startup date [Sat Jun 11 23:53:47 PDT 2016]; root of context hierarchy
[2016-06-11 23:54:02.959]- [cid sonal-2.local] [#ip ,,#] -[Thread-8] INFO  org.springframework.jmx.export.annotation.AnnotationMBeanExporter  - Unregistering JMX-exposed beans on shutdown
[2016-06-11 23:54:02.960]- [cid sonal-2.local] [#ip ,,#] -[Thread-8] INFO  org.springframework.scheduling.concurrent.ThreadPoolTaskExecutor  - Shutting down ExecutorService 'threadPoolTaskExecutor'
