[2016-08-29 00:11:34.904]- [cid sonal-2.local] [#ip ,,#] -[restartedMain] INFO  com.logback.config.application.DockerLogbackApp  - Starting DockerLogbackApp on sonal-2.local with PID 10498 (/Users/sonal/sonal/gitlocalrepository/java/DockerLogbackApp/target/classes started by sonal in /Users/sonal/sonal/gitlocalrepository/java/DockerLogbackApp)
[2016-08-29 00:11:34.908]- [cid sonal-2.local] [#ip ,,#] -[restartedMain] INFO  com.logback.config.application.DockerLogbackApp  - No active profile set, falling back to default profiles: default
[2016-08-29 00:11:34.983]- [cid sonal-2.local] [#ip ,,#] -[restartedMain] INFO  org.springframework.boot.context.embedded.AnnotationConfigEmbeddedWebApplicationContext  - Refreshing org.springframework.boot.context.embedded.AnnotationConfigEmbeddedWebApplicationContext@7d363458: startup date [Mon Aug 29 00:11:34 PDT 2016]; root of context hierarchy
[2016-08-29 00:11:35.247]- [cid sonal-2.local] [#ip ,,#] -[background-preinit] INFO  org.hibernate.validator.internal.util.Version  - HV000001: Hibernate Validator 5.2.4.Final
[2016-08-29 00:11:36.175]- [cid sonal-2.local] [#ip ,,#] -[restartedMain] INFO  com.logback.config.mdc.MDCAwareAsyncAnnotationBeanPostProcessor  - No TaskExecutor bean found for async annotation processing.
[2016-08-29 00:11:36.205]- [cid sonal-2.local] [#ip ,,#] -[restartedMain] INFO  org.springframework.scheduling.annotation.AsyncAnnotationBeanPostProcessor  - No TaskExecutor bean found for async annotation processing.
[2016-08-29 00:11:36.586]- [cid sonal-2.local] [#ip ,,#] -[restartedMain] INFO  org.springframework.boot.context.embedded.tomcat.TomcatEmbeddedServletContainer  - Tomcat initialized with port(s): 8080 (http)
[2016-08-29 00:11:36.600]- [cid sonal-2.local] [#ip ,,#] -[restartedMain] INFO  org.apache.catalina.core.StandardService  - Starting service Tomcat
[2016-08-29 00:11:36.607]- [cid sonal-2.local] [#ip ,,#] -[restartedMain] INFO  org.apache.catalina.core.StandardEngine  - Starting Servlet Engine: Apache Tomcat/8.0.32
[2016-08-29 00:11:36.710]- [cid sonal-2.local] [#ip ,,#] -[localhost-startStop-1] INFO  org.apache.catalina.core.ContainerBase.[Tomcat].[localhost].[/]  - Initializing Spring embedded WebApplicationContext
[2016-08-29 00:11:36.711]- [cid sonal-2.local] [#ip ,,#] -[localhost-startStop-1] INFO  org.springframework.web.context.ContextLoader  - Root WebApplicationContext: initialization completed in 1728 ms
[2016-08-29 00:11:36.820]- [cid sonal-2.local] [#ip ,,#] -[localhost-startStop-1] INFO  org.springframework.boot.context.embedded.ServletRegistrationBean  - Mapping servlet: 'dispatcherServlet' to [/]
[2016-08-29 00:11:36.824]- [cid sonal-2.local] [#ip ,,#] -[localhost-startStop-1] INFO  org.springframework.boot.context.embedded.FilterRegistrationBean  - Mapping filter: 'characterEncodingFilter' to: [/*]
[2016-08-29 00:11:37.326]- [cid sonal-2.local] [#ip ,,#] -[restartedMain] INFO  org.springframework.scheduling.concurrent.ThreadPoolTaskExecutor  - Initializing ExecutorService  'threadPoolTaskExecutor'
[2016-08-29 00:11:37.535]- [cid sonal-2.local] [#ip ,,#] -[restartedMain] INFO  org.springframework.web.servlet.mvc.method.annotation.RequestMappingHandlerMapping  - Mapped "{[/runFeed]}" onto public org.springframework.web.context.request.async.DeferredResult<org.springframework.http.ResponseEntity<java.lang.String>> com.logback.rest.controller.FeedController.runFeed()
[2016-08-29 00:11:37.536]- [cid sonal-2.local] [#ip ,,#] -[restartedMain] INFO  org.springframework.web.servlet.mvc.method.annotation.RequestMappingHandlerMapping  - Mapped "{[/runFeedv2]}" onto public org.springframework.web.context.request.async.DeferredResult<org.springframework.http.ResponseEntity<java.lang.String>> com.logback.rest.controller.FeedController.runFeedv2()
[2016-08-29 00:11:37.537]- [cid sonal-2.local] [#ip ,,#] -[restartedMain] INFO  org.springframework.web.servlet.mvc.method.annotation.RequestMappingHandlerMapping  - Mapped "{[/healthCheck]}" onto public org.springframework.web.context.request.async.DeferredResult<org.springframework.http.ResponseEntity<java.lang.String>> com.logback.rest.controller.HealthController.healthCheck()
[2016-08-29 00:11:37.538]- [cid sonal-2.local] [#ip ,,#] -[restartedMain] INFO  org.springframework.web.servlet.mvc.method.annotation.RequestMappingHandlerMapping  - Mapped "{[/healthCheckNotification]}" onto public org.springframework.web.context.request.async.DeferredResult<org.springframework.http.ResponseEntity<java.lang.String>> com.logback.rest.controller.NotificationController.healthCheck()
[2016-08-29 00:11:37.539]- [cid sonal-2.local] [#ip ,,#] -[restartedMain] INFO  org.springframework.web.servlet.mvc.method.annotation.RequestMappingHandlerMapping  - Mapped "{[/payment]}" onto public org.springframework.web.context.request.async.DeferredResult<org.springframework.http.ResponseEntity<java.lang.String>> com.logback.rest.controller.PaymentController.healthCheck()
[2016-08-29 00:11:37.541]- [cid sonal-2.local] [#ip ,,#] -[restartedMain] INFO  org.springframework.web.servlet.mvc.method.annotation.RequestMappingHandlerMapping  - Mapped "{[/sns/createTopic/{topicName}]}" onto public org.springframework.web.context.request.async.DeferredResult<org.springframework.http.ResponseEntity<java.lang.String>> com.logback.rest.controller.sns.SNSAdminController.createTopic(java.lang.String)
[2016-08-29 00:11:37.541]- [cid sonal-2.local] [#ip ,,#] -[restartedMain] INFO  org.springframework.web.servlet.mvc.method.annotation.RequestMappingHandlerMapping  - Mapped "{[/sns/subscriptionRequest],methods=[POST],consumes=[application/json],produces=[application/json]}" onto public org.springframework.web.context.request.async.DeferredResult<org.springframework.http.ResponseEntity<java.lang.String>> com.logback.rest.controller.sns.SNSAdminController.subscriptionRequest(com.logback.rest.controller.sns.SnsSubscriptionRequest)
[2016-08-29 00:11:37.542]- [cid sonal-2.local] [#ip ,,#] -[restartedMain] INFO  org.springframework.web.servlet.mvc.method.annotation.RequestMappingHandlerMapping  - Mapped "{[/sns/deleteTopic],methods=[DELETE],consumes=[application/json],produces=[application/json]}" onto public org.springframework.web.context.request.async.DeferredResult<org.springframework.http.ResponseEntity<java.lang.String>> com.logback.rest.controller.sns.SNSAdminController.deleteTopic(com.logback.rest.controller.sns.SnsSubscriptionRequest)
[2016-08-29 00:11:37.542]- [cid sonal-2.local] [#ip ,,#] -[restartedMain] INFO  org.springframework.web.servlet.mvc.method.annotation.RequestMappingHandlerMapping  - Mapped "{[/sns/send],methods=[POST]}" onto public void com.logback.rest.controller.sns.SnsNotificationSendController.sendNotification(com.logback.rest.controller.sns.SnsNotification)
[2016-08-29 00:11:37.552]- [cid sonal-2.local] [#ip ,,#] -[restartedMain] INFO  org.springframework.web.servlet.mvc.method.annotation.RequestMappingHandlerMapping  - Mapped "{[/error]}" onto public org.springframework.http.ResponseEntity<java.util.Map<java.lang.String, java.lang.Object>> org.springframework.boot.autoconfigure.web.BasicErrorController.error(javax.servlet.http.HttpServletRequest)
[2016-08-29 00:11:37.553]- [cid sonal-2.local] [#ip ,,#] -[restartedMain] INFO  org.springframework.web.servlet.mvc.method.annotation.RequestMappingHandlerMapping  - Mapped "{[/error],produces=[text/html]}" onto public org.springframework.web.servlet.ModelAndView org.springframework.boot.autoconfigure.web.BasicErrorController.errorHtml(javax.servlet.http.HttpServletRequest,javax.servlet.http.HttpServletResponse)
[2016-08-29 00:11:37.617]- [cid sonal-2.local] [#ip ,,#] -[restartedMain] INFO  org.springframework.web.servlet.mvc.method.annotation.RequestMappingHandlerAdapter  - Looking for @ControllerAdvice: org.springframework.boot.context.embedded.AnnotationConfigEmbeddedWebApplicationContext@7d363458: startup date [Mon Aug 29 00:11:34 PDT 2016]; root of context hierarchy
[2016-08-29 00:11:37.934]- [cid sonal-2.local] [#ip ,,#] -[restartedMain] INFO  org.springframework.boot.devtools.autoconfigure.OptionalLiveReloadServer  - LiveReload server is running on port 35729
[2016-08-29 00:11:37.977]- [cid sonal-2.local] [#ip ,,#] -[restartedMain] INFO  org.springframework.jmx.export.annotation.AnnotationMBeanExporter  - Registering beans for JMX exposure on startup
[2016-08-29 00:11:38.025]- [cid sonal-2.local] [#ip ,,#] -[restartedMain] INFO  org.apache.coyote.http11.Http11NioProtocol  - Initializing ProtocolHandler ["http-nio-8080"]
[2016-08-29 00:11:38.032]- [cid sonal-2.local] [#ip ,,#] -[restartedMain] INFO  org.apache.coyote.http11.Http11NioProtocol  - Starting ProtocolHandler ["http-nio-8080"]
[2016-08-29 00:11:38.048]- [cid sonal-2.local] [#ip ,,#] -[restartedMain] INFO  org.apache.tomcat.util.net.NioSelectorPool  - Using a shared selector for servlet write/read
[2016-08-29 00:11:38.085]- [cid sonal-2.local] [#ip ,,#] -[restartedMain] INFO  org.springframework.boot.context.embedded.tomcat.TomcatEmbeddedServletContainer  - Tomcat started on port(s): 8080 (http)
[2016-08-29 00:11:38.092]- [cid sonal-2.local] [#ip ,,#] -[restartedMain] INFO  com.logback.config.application.DockerLogbackApp  - Started DockerLogbackApp in 3.489 seconds (JVM running for 4.046)
[2016-08-29 00:11:58.872]- [cid sonal-2.local] [#ip ,,#] -[http-nio-8080-exec-1] INFO  org.apache.catalina.core.ContainerBase.[Tomcat].[localhost].[/]  - Initializing Spring FrameworkServlet 'dispatcherServlet'
[2016-08-29 00:11:58.872]- [cid sonal-2.local] [#ip ,,#] -[http-nio-8080-exec-1] INFO  org.springframework.web.servlet.DispatcherServlet  - FrameworkServlet 'dispatcherServlet': initialization started
[2016-08-29 00:11:58.885]- [cid sonal-2.local] [#ip ,,#] -[http-nio-8080-exec-1] INFO  org.springframework.web.servlet.DispatcherServlet  - FrameworkServlet 'dispatcherServlet': initialization completed in 13 ms
[2016-08-29 00:11:58.901]- [cid sonal-2.local] [#ip 0:0:0:0:0:0:0:1,,#] -[http-nio-8080-exec-1] INFO  com.logback.rest.controller.interceptor.ControllerInterceptor  - preHandle :: 0:0:0:0:0:0:0:1
[2016-08-29 00:11:58.908]- [cid sonal-2.local] [#ip 0:0:0:0:0:0:0:1,,#] -[http-nio-8080-exec-1] INFO  com.logback.rest.controller.HealthController  - Start healthCheck ... 
[2016-08-29 00:11:58.912]- [cid sonal-2.local] [#ip ,,#] -[threadPoolTaskExecutor-1] INFO  com.logback.config.mdc.MDCAwareAnnotationAsyncExecutionInterceptor  - Testing Aync Interception 
[2016-08-29 00:11:59.023]- [cid sonal-2.local] [#ip ,,#] -[threadPoolTaskExecutor-1] INFO  com.logback.rest.controller.ControllerDelegate  - Start healthCheck ... 
[2016-08-29 00:11:59.024]- [cid sonal-2.local] [#ip ,,#] -[threadPoolTaskExecutor-1] INFO  com.logback.rest.controller.ControllerDelegate  -  :: Free memory: 406MB :: Allocated memory: 428MB :: Max memory: 3,641MB :: Total free memory: 3,619MB
[2016-08-29 00:11:59.026]- [cid sonal-2.local] [#ip ,,#] -[threadPoolTaskExecutor-1] INFO  com.logback.rest.controller.ControllerDelegate  - End healthCheck ...
[2016-08-29 00:11:59.030]- [cid sonal-2.local] [#ip 0:0:0:0:0:0:0:1,,#] -[http-nio-8080-exec-2] INFO  com.logback.rest.controller.interceptor.ControllerInterceptor  - preHandle :: 0:0:0:0:0:0:0:1
[2016-08-29 00:11:59.051]- [cid sonal-2.local] [#ip 0:0:0:0:0:0:0:1,,#] -[http-nio-8080-exec-2] INFO  com.logback.rest.controller.interceptor.ControllerInterceptor  - postHandle
[2016-08-29 00:11:59.051]- [cid sonal-2.local] [#ip 0:0:0:0:0:0:0:1,,#] -[http-nio-8080-exec-2] INFO  com.logback.rest.controller.interceptor.ControllerInterceptor  - afterCompletion
[2016-08-29 00:11:59.251]- [cid sonal-2.local] [#ip ,,#] -[http-nio-8080-exec-3] WARN  org.springframework.web.servlet.PageNotFound  - No mapping found for HTTP request with URI [/favicon.ico] in DispatcherServlet with name 'dispatcherServlet'
[2016-08-29 00:11:59.253]- [cid sonal-2.local] [#ip 0:0:0:0:0:0:0:1,,#] -[http-nio-8080-exec-3] INFO  com.logback.rest.controller.interceptor.ControllerInterceptor  - preHandle :: 0:0:0:0:0:0:0:1
[2016-08-29 00:11:59.283]- [cid sonal-2.local] [#ip 0:0:0:0:0:0:0:1,,#] -[http-nio-8080-exec-3] INFO  com.logback.rest.controller.interceptor.ControllerInterceptor  - postHandle
[2016-08-29 00:11:59.283]- [cid sonal-2.local] [#ip 0:0:0:0:0:0:0:1,,#] -[http-nio-8080-exec-3] INFO  com.logback.rest.controller.interceptor.ControllerInterceptor  - afterCompletion
[2016-08-29 00:12:08.850]- [cid sonal-2.local] [#ip ,,#] -[Thread-8] INFO  org.springframework.boot.context.embedded.AnnotationConfigEmbeddedWebApplicationContext  - Closing org.springframework.boot.context.embedded.AnnotationConfigEmbeddedWebApplicationContext@7d363458: startup date [Mon Aug 29 00:11:34 PDT 2016]; root of context hierarchy
[2016-08-29 00:12:08.863]- [cid sonal-2.local] [#ip ,,#] -[Thread-8] INFO  org.springframework.jmx.export.annotation.AnnotationMBeanExporter  - Unregistering JMX-exposed beans on shutdown
[2016-08-29 00:12:08.864]- [cid sonal-2.local] [#ip ,,#] -[Thread-8] INFO  org.springframework.scheduling.concurrent.ThreadPoolTaskExecutor  - Shutting down ExecutorService 'threadPoolTaskExecutor'
